<?xml version="1.0" encoding="UTF-8"?>
<testsuite xmlns:xsi="http://www.w3.org/2001/XMLSchema-instance" xsi:noNamespaceSchemaLocation="https://maven.apache.org/surefire/maven-surefire-plugin/xsd/surefire-test-report-3.0.xsd" version="3.0" name="com.kailas.mm.controller.MemberControllerTest" time="6.29" tests="1" errors="0" skipped="0" failures="0">
  <properties>
[...]
</properties>
  <testcase name="getEmployeeTest" classname="com.kailas.mm.controller.MemberControllerTest" time="0.061">
    <system-out><![CDATA[15:44:15.987 [main] INFO org.springframework.test.context.support.AnnotationConfigContextLoaderUtils -- Could not detect default configuration classes for test class [com.kailas.mm.controller.MemberControllerTest]: MemberControllerTest does not declare any static, non-private, non-final, nested classes annotated with @Configuration.
15:44:16.218 [main] INFO org.springframework.boot.test.context.SpringBootTestContextBootstrapper -- Found @SpringBootConfiguration com.kailas.mm.MMApplication for test class com.kailas.mm.controller.MemberControllerTest
15:44:16.367 [main] INFO org.springframework.boot.devtools.restart.RestartApplicationListener -- Restart disabled due to context in which it is running

  .   ____          _            __ _ _
 /\\ / ___'_ __ _ _(_)_ __  __ _ \ \ \ \
( ( )\___ | '_ | '_| | '_ \/ _` | \ \ \ \
 \\/  ___)| |_)| | | | | || (_| |  ) ) ) )
  '  |____| .__|_| |_|_| |_\__, | / / / /
 =========|_|==============|___/=/_/_/_/
 :: Spring Boot ::                (v3.2.5)

2025-05-17T15:44:16.860-04:00  INFO 39180 --- [           main] c.k.mm.controller.MemberControllerTest   : Starting MemberControllerTest using Java 17.0.8 with PID 39180 (started by vinup in C:\Vinod\Projects\MySpringBoot)
2025-05-17T15:44:16.861-04:00  INFO 39180 --- [           main] c.k.mm.controller.MemberControllerTest   : The following 1 profile is active: "dev"
INSIDE THE POST CONSTRUCT
2025-05-17T15:44:21.761-04:00  INFO 39180 --- [           main] o.s.s.web.DefaultSecurityFilterChain     : Will secure any request with [org.springframework.security.web.session.DisableEncodeUrlFilter@5c4714ef, org.springframework.security.web.context.request.async.WebAsyncManagerIntegrationFilter@c94bd18, org.springframework.security.web.context.SecurityContextHolderFilter@208f7165, org.springframework.security.web.header.HeaderWriterFilter@74bbc273, org.springframework.web.filter.CorsFilter@71fb8301, org.springframework.security.web.csrf.CsrfFilter@2211b44f, org.springframework.security.web.authentication.logout.LogoutFilter@5613247e, org.springframework.security.web.authentication.UsernamePasswordAuthenticationFilter@194224ca, org.springframework.security.web.authentication.ui.DefaultLoginPageGeneratingFilter@9dc782d, org.springframework.security.web.authentication.ui.DefaultLogoutPageGeneratingFilter@7cdfa824, org.springframework.security.web.authentication.www.BasicAuthenticationFilter@1a89414e, org.springframework.security.web.savedrequest.RequestCacheAwareFilter@693f2c89, org.springframework.security.web.servletapi.SecurityContextHolderAwareRequestFilter@50b4364, org.springframework.security.web.authentication.AnonymousAuthenticationFilter@18db3b3c, org.springframework.security.web.access.ExceptionTranslationFilter@c4cceb, org.springframework.security.web.access.intercept.AuthorizationFilter@ff5d4f1]
2025-05-17T15:44:21.851-04:00  INFO 39180 --- [           main] o.s.b.t.m.w.SpringBootMockServletContext : Initializing Spring TestDispatcherServlet ''
2025-05-17T15:44:21.851-04:00  INFO 39180 --- [           main] o.s.t.web.servlet.TestDispatcherServlet  : Initializing Servlet ''
2025-05-17T15:44:21.854-04:00  INFO 39180 --- [           main] o.s.t.web.servlet.TestDispatcherServlet  : Completed initialization in 3 ms
2025-05-17T15:44:21.900-04:00  INFO 39180 --- [           main] c.k.mm.controller.MemberControllerTest   : Started MemberControllerTest in 5.55 seconds (process running for 7.023)
IN COMMAND LINE RUNNER METHOD
]]></system-out>
  </testcase>
</testsuite>